c:\users\admin\documents\visual studio 2013\projects\qtguiapplication1\qtguiapplication1\x64\release\vc120.pdb
c:\users\admin\documents\visual studio 2013\projects\qtguiapplication1\qtguiapplication1\x64\release\qtguiapplication1.obj
c:\users\admin\documents\visual studio 2013\projects\qtguiapplication1\qtguiapplication1\x64\release\main.obj
c:\users\admin\documents\visual studio 2013\projects\qtguiapplication1\qtguiapplication1\x64\release\moc_qtguiapplication1.obj
c:\users\admin\documents\visual studio 2013\projects\qtguiapplication1\qtguiapplication1\x64\release\moc_customfigure.obj
c:\users\admin\documents\visual studio 2013\projects\qtguiapplication1\qtguiapplication1\x64\release\customviewer.obj
c:\users\admin\documents\visual studio 2013\projects\qtguiapplication1\qtguiapplication1\x64\release\customtransform.obj
c:\users\admin\documents\visual studio 2013\projects\qtguiapplication1\qtguiapplication1\x64\release\customgroup.obj
c:\users\admin\documents\visual studio 2013\projects\qtguiapplication1\qtguiapplication1\x64\release\customfigure.obj
c:\users\admin\documents\visual studio 2013\projects\qtguiapplication1\qtguiapplication1\x64\release\customcallback.obj
c:\users\admin\documents\visual studio 2013\projects\qtguiapplication1\qtguiapplication1\x64\release\qrc_qtguiapplication1.obj
c:\users\admin\documents\visual studio 2013\projects\qtguiapplication1\qtguiapplication1\generatedfiles\ui_qtguiapplication1.h
c:\users\admin\documents\visual studio 2013\projects\qtguiapplication1\qtguiapplication1\generatedfiles\qrc_qtguiapplication1.cpp
c:\users\admin\documents\visual studio 2013\projects\qtguiapplication1\qtguiapplication1\generatedfiles\release\moc_qtguiapplication1.cpp
c:\users\admin\documents\visual studio 2013\projects\qtguiapplication1\qtguiapplication1\generatedfiles\release\moc_customfigure.cpp
c:\users\admin\documents\visual studio 2013\projects\qtguiapplication1\x64\release\qtguiapplication1.pdb
c:\users\admin\documents\visual studio 2013\projects\qtguiapplication1\qtguiapplication1\x64\release\qtguiapp.b12702ad.tlog\cl.command.1.tlog
c:\users\admin\documents\visual studio 2013\projects\qtguiapplication1\qtguiapplication1\x64\release\qtguiapp.b12702ad.tlog\cl.read.1.tlog
c:\users\admin\documents\visual studio 2013\projects\qtguiapplication1\qtguiapplication1\x64\release\qtguiapp.b12702ad.tlog\cl.write.1.tlog
c:\users\admin\documents\visual studio 2013\projects\qtguiapplication1\qtguiapplication1\x64\release\qtguiapp.b12702ad.tlog\custombuild.command.1.tlog
c:\users\admin\documents\visual studio 2013\projects\qtguiapplication1\qtguiapplication1\x64\release\qtguiapp.b12702ad.tlog\custombuild.read.1.tlog
c:\users\admin\documents\visual studio 2013\projects\qtguiapplication1\qtguiapplication1\x64\release\qtguiapp.b12702ad.tlog\custombuild.write.1.tlog
c:\users\admin\documents\visual studio 2013\projects\qtguiapplication1\qtguiapplication1\x64\release\qtguiapp.b12702ad.tlog\link-cvtres.read.1.tlog
c:\users\admin\documents\visual studio 2013\projects\qtguiapplication1\qtguiapplication1\x64\release\qtguiapp.b12702ad.tlog\link-cvtres.write.1.tlog
c:\users\admin\documents\visual studio 2013\projects\qtguiapplication1\qtguiapplication1\x64\release\qtguiapp.b12702ad.tlog\link-rc.read.1.tlog
c:\users\admin\documents\visual studio 2013\projects\qtguiapplication1\qtguiapplication1\x64\release\qtguiapp.b12702ad.tlog\link-rc.write.1.tlog
c:\users\admin\documents\visual studio 2013\projects\qtguiapplication1\qtguiapplication1\x64\release\qtguiapp.b12702ad.tlog\link.6448-cvtres.read.1.tlog
c:\users\admin\documents\visual studio 2013\projects\qtguiapplication1\qtguiapplication1\x64\release\qtguiapp.b12702ad.tlog\link.6448-cvtres.write.1.tlog
c:\users\admin\documents\visual studio 2013\projects\qtguiapplication1\qtguiapplication1\x64\release\qtguiapp.b12702ad.tlog\link.6448-rc.read.1.tlog
c:\users\admin\documents\visual studio 2013\projects\qtguiapplication1\qtguiapplication1\x64\release\qtguiapp.b12702ad.tlog\link.6448-rc.write.1.tlog
c:\users\admin\documents\visual studio 2013\projects\qtguiapplication1\qtguiapplication1\x64\release\qtguiapp.b12702ad.tlog\link.6448.read.1.tlog
c:\users\admin\documents\visual studio 2013\projects\qtguiapplication1\qtguiapplication1\x64\release\qtguiapp.b12702ad.tlog\link.6448.write.1.tlog
c:\users\admin\documents\visual studio 2013\projects\qtguiapplication1\qtguiapplication1\x64\release\qtguiapp.b12702ad.tlog\link.command.1.tlog
c:\users\admin\documents\visual studio 2013\projects\qtguiapplication1\qtguiapplication1\x64\release\qtguiapp.b12702ad.tlog\link.read.1.tlog
c:\users\admin\documents\visual studio 2013\projects\qtguiapplication1\qtguiapplication1\x64\release\qtguiapp.b12702ad.tlog\link.write.1.tlog
