c:\users\admin\documents\visual studio 2013\projects\qtguiapplication1\qtguiapplication1\x64\debug\vc120.pdb
c:\users\admin\documents\visual studio 2013\projects\qtguiapplication1\qtguiapplication1\x64\debug\qtguiapplication1.obj
c:\users\admin\documents\visual studio 2013\projects\qtguiapplication1\qtguiapplication1\x64\debug\main.obj
c:\users\admin\documents\visual studio 2013\projects\qtguiapplication1\qtguiapplication1\x64\debug\moc_qtguiapplication1.obj
c:\users\admin\documents\visual studio 2013\projects\qtguiapplication1\qtguiapplication1\x64\debug\emitter.obj
c:\users\admin\documents\visual studio 2013\projects\qtguiapplication1\qtguiapplication1\x64\debug\customviewer.obj
c:\users\admin\documents\visual studio 2013\projects\qtguiapplication1\qtguiapplication1\x64\debug\customtransform.obj
c:\users\admin\documents\visual studio 2013\projects\qtguiapplication1\qtguiapplication1\x64\debug\customgroup.obj
c:\users\admin\documents\visual studio 2013\projects\qtguiapplication1\qtguiapplication1\x64\debug\customfigure.obj
c:\users\admin\documents\visual studio 2013\projects\qtguiapplication1\qtguiapplication1\x64\debug\customcallback.obj
c:\users\admin\documents\visual studio 2013\projects\qtguiapplication1\qtguiapplication1\x64\debug\qrc_qtguiapplication1.obj
c:\users\admin\documents\visual studio 2013\projects\qtguiapplication1\qtguiapplication1\x64\debug\moc_emitter.obj
c:\users\admin\documents\visual studio 2013\projects\qtguiapplication1\qtguiapplication1\x64\debug\moc_customslider.obj
c:\users\admin\documents\visual studio 2013\projects\qtguiapplication1\qtguiapplication1\x64\debug\customslider.obj
c:\users\admin\documents\visual studio 2013\projects\qtguiapplication1\qtguiapplication1\x64\debug\gui.obj
c:\users\admin\documents\visual studio 2013\projects\qtguiapplication1\qtguiapplication1\generatedfiles\debug\moc_qtguiapplication1.cpp
c:\users\admin\documents\visual studio 2013\projects\qtguiapplication1\qtguiapplication1\generatedfiles\ui_qtguiapplication1.h
c:\users\admin\documents\visual studio 2013\projects\qtguiapplication1\qtguiapplication1\generatedfiles\qrc_qtguiapplication1.cpp
c:\users\admin\documents\visual studio 2013\projects\qtguiapplication1\qtguiapplication1\generatedfiles\debug\moc_customslider.cpp
c:\users\admin\documents\visual studio 2013\projects\qtguiapplication1\x64\debug\qtguiapplication1.ilk
c:\users\admin\documents\visual studio 2013\projects\qtguiapplication1\x64\debug\qtguiapplication1.exe
c:\users\admin\documents\visual studio 2013\projects\qtguiapplication1\x64\debug\qtguiapplication1.pdb
c:\users\admin\documents\visual studio 2013\projects\qtguiapplication1\qtguiapplication1\x64\debug\qtguiapp.b12702ad.tlog\cl.command.1.tlog
c:\users\admin\documents\visual studio 2013\projects\qtguiapplication1\qtguiapplication1\x64\debug\qtguiapp.b12702ad.tlog\cl.read.1.tlog
c:\users\admin\documents\visual studio 2013\projects\qtguiapplication1\qtguiapplication1\x64\debug\qtguiapp.b12702ad.tlog\cl.write.1.tlog
c:\users\admin\documents\visual studio 2013\projects\qtguiapplication1\qtguiapplication1\x64\debug\qtguiapp.b12702ad.tlog\custombuild.command.1.tlog
c:\users\admin\documents\visual studio 2013\projects\qtguiapplication1\qtguiapplication1\x64\debug\qtguiapp.b12702ad.tlog\custombuild.read.1.tlog
c:\users\admin\documents\visual studio 2013\projects\qtguiapplication1\qtguiapplication1\x64\debug\qtguiapp.b12702ad.tlog\custombuild.write.1.tlog
c:\users\admin\documents\visual studio 2013\projects\qtguiapplication1\qtguiapplication1\x64\debug\qtguiapp.b12702ad.tlog\link.command.1.tlog
c:\users\admin\documents\visual studio 2013\projects\qtguiapplication1\qtguiapplication1\x64\debug\qtguiapp.b12702ad.tlog\link.read.1.tlog
c:\users\admin\documents\visual studio 2013\projects\qtguiapplication1\qtguiapplication1\x64\debug\qtguiapp.b12702ad.tlog\link.write.1.tlog
